INFO 2024-07-17 18:40:56,250 autoreload Watching for file changes with StatReloader
INFO 2024-07-17 18:40:56,319 urls Rota users/me/ registrada corretamente
WARNING 2024-07-17 18:40:59,636 log Not Found: /users/me/
INFO 2024-07-17 18:43:01,752 autoreload C:\Users\ferna\LojaVarejo\Backend\systakback\urls.py changed, reloading.
INFO 2024-07-17 18:43:02,135 autoreload Watching for file changes with StatReloader
INFO 2024-07-17 18:43:02,223 urls Rota users/me/ registrada corretamente
INFO 2024-07-17 18:44:01,638 views get_user_data foi chamada
INFO 2024-07-17 18:44:01,638 views Usuário autenticado: murashima
INFO 2024-07-17 18:45:28,988 views get_user_data foi chamada
INFO 2024-07-17 18:45:28,988 views Usuário autenticado: murashima
INFO 2024-07-17 18:54:17,454 views get_user_data foi chamada
INFO 2024-07-17 18:54:17,454 views Usuário autenticado: fernando
INFO 2024-07-17 18:54:33,137 views get_user_data foi chamada
INFO 2024-07-17 18:54:33,138 views Usuário autenticado: takeshi
INFO 2024-07-18 11:06:00,073 autoreload Watching for file changes with StatReloader
INFO 2024-07-18 11:06:00,204 urls Rota users/me/ registrada corretamente
INFO 2024-07-18 11:12:15,598 views get_user_data foi chamada
INFO 2024-07-18 11:12:15,598 views Usuário autenticado: takeshi
INFO 2024-07-18 11:12:22,430 views get_user_data foi chamada
INFO 2024-07-18 11:12:22,430 views Usuário autenticado: fernando
INFO 2024-07-18 11:12:24,963 views get_user_data foi chamada
INFO 2024-07-18 11:12:24,966 views Usuário autenticado: fernando
INFO 2024-07-18 11:59:42,283 views get_user_data foi chamada
INFO 2024-07-18 11:59:42,297 views Usuário autenticado: fernando
INFO 2024-07-18 12:08:32,900 views get_user_data foi chamada
INFO 2024-07-18 12:08:32,900 views Usuário autenticado: fernando
INFO 2024-07-18 12:09:34,152 views get_user_data foi chamada
INFO 2024-07-18 12:09:34,153 views Usuário autenticado: fernando
INFO 2024-07-18 12:09:46,724 views get_user_data foi chamada
INFO 2024-07-18 12:09:46,725 views Usuário autenticado: fernando
INFO 2024-07-18 12:19:30,199 views get_user_data foi chamada
INFO 2024-07-18 12:19:30,199 views Usuário autenticado: fernando
INFO 2024-07-18 12:20:23,334 views get_user_data foi chamada
INFO 2024-07-18 12:20:23,334 views Usuário autenticado: fernando
INFO 2024-07-18 12:21:05,282 views get_user_data foi chamada
INFO 2024-07-18 12:21:05,284 views Usuário autenticado: fernando
INFO 2024-07-18 12:21:08,728 views get_user_data foi chamada
INFO 2024-07-18 12:21:08,730 views Usuário autenticado: fernando
INFO 2024-07-18 12:21:43,674 views get_user_data foi chamada
INFO 2024-07-18 12:21:43,675 views Usuário autenticado: fernando
INFO 2024-07-18 12:22:33,063 views get_user_data foi chamada
INFO 2024-07-18 12:22:33,064 views Usuário autenticado: fernando
INFO 2024-07-18 12:23:42,922 views get_user_data foi chamada
INFO 2024-07-18 12:23:42,924 views Usuário autenticado: fernando
INFO 2024-07-18 12:25:34,213 views get_user_data foi chamada
INFO 2024-07-18 12:25:34,214 views Usuário autenticado: fernando
INFO 2024-07-18 12:26:04,656 views get_user_data foi chamada
INFO 2024-07-18 12:26:04,658 views Usuário autenticado: fernando
INFO 2024-07-18 12:32:11,672 views get_user_data foi chamada
INFO 2024-07-18 12:32:11,673 views Usuário autenticado: fernando
INFO 2024-07-18 12:33:03,909 views get_user_data foi chamada
INFO 2024-07-18 12:33:03,909 views Usuário autenticado: fernando
INFO 2024-07-18 12:36:30,279 views get_user_data foi chamada
INFO 2024-07-18 12:36:30,280 views Usuário autenticado: fernando
INFO 2024-07-18 12:37:51,627 views get_user_data foi chamada
INFO 2024-07-18 12:37:51,628 views Usuário autenticado: fernando
INFO 2024-07-18 12:38:58,795 views get_user_data foi chamada
INFO 2024-07-18 12:38:58,796 views Usuário autenticado: fernando
INFO 2024-07-18 12:39:02,543 views get_user_data foi chamada
INFO 2024-07-18 12:39:02,544 views Usuário autenticado: fernando
INFO 2024-07-18 15:23:50,785 views get_user_data foi chamada
INFO 2024-07-18 15:23:50,785 views Usuário autenticado: fernando
INFO 2024-07-18 16:02:02,068 autoreload C:\Users\ferna\LojaVarejo\Backend\systakback\settings.py changed, reloading.
